<?xml version="1.0" encoding="UTF-8"?>
<!-- Generated by org.testng.reporters.JUnitXMLReporter -->
<testsuite ignored="0" hostname="Sauravs-MacBook-Pro.local" failures="1" tests="5" name="Almosafer&#039;s Rest API - Regression Test" time="4.109" errors="0" timestamp="2023-05-18T09:41:19 IST">
  <testcase classname="com.qa.api.almosafer.tests.CreateAlmosferUserDetailsTest" name="postAlmosaferAPI4" time="0.018">
    <failure type="java.lang.NumberFormatException" message="null">
      <![CDATA[java.lang.NumberFormatException: null
at java.base/java.lang.Integer.parseInt(Integer.java:614)
at java.base/java.lang.Integer.parseInt(Integer.java:770)
at com.qa.api.almosafer.tests.CreateAlmosferUserDetailsTest.postAlmosaferAPI4(CreateAlmosferUserDetailsTest.java:34)
at java.base/java.util.concurrent.ThreadPoolExecutor.runWorker(ThreadPoolExecutor.java:1130)
at java.base/java.util.concurrent.ThreadPoolExecutor$Worker.run(ThreadPoolExecutor.java:630)
at java.base/java.lang.Thread.run(Thread.java:832)
... Removed 12 stack frames]]>
    </failure>
  </testcase> <!-- postAlmosaferAPI4 -->
  <testcase classname="com.qa.api.almosafer.tests.getAlmosferApiTest" name="getAlmosaferHomePageAPI" time="2.207"/>
  <testcase classname="com.qa.api.almosafer.tests.getAlmosferApiTest" name="getAlmosaferFlightHotelChaletsPageAPI" time="0.485"/>
  <testcase classname="com.qa.api.almosafer.tests.CreateAlmosferUserDetailsTest" name="postAlmosaferAPI5" time="2.93"/>
  <testcase classname="com.qa.api.almosafer.tests.getAlmosferApiTest" name="getAlmosaferHotelChaletsPageAPI" time="1.366"/>
</testsuite> <!-- Almosafer's Rest API - Regression Test -->
