<?xml version="1.0" encoding="UTF-8"?>
<!-- Generated by org.testng.reporters.JUnitXMLReporter -->
<testsuite ignored="0" hostname="Sauravs-MacBook-Pro.local" failures="0" tests="2" name="Default test" time="2.886" errors="0" timestamp="2023-05-18T09:24:20 IST">
  <testcase classname="com.qa.api.almosafer.tests.CreateAlmosferUserDetailsTest" name="postAlmosaferAPI4" time="2.136"/>
  <testcase classname="com.qa.api.almosafer.tests.CreateAlmosferUserDetailsTest" name="postAlmosaferAPI5" time="0.72"/>
</testsuite> <!-- Default test -->
