<?xml version="1.0" encoding="UTF-8"?>
<!-- Generated by org.testng.reporters.JUnitXMLReporter -->
<testsuite ignored="0" hostname="Sauravs-MacBook-Pro.local" failures="1" tests="1" name="Test" time="0.198" errors="0" timestamp="14 May 2023 04:29:45 GMT">
  <testcase classname="com.qa.api.almosafer.tests.getAPI" name="getAlmosaferAPI" time="0.121">
    <failure type="java.lang.NoClassDefFoundError" message="Could not initialize class org.codehaus.groovy.reflection.ReflectionCache">
      <![CDATA[java.lang.NoClassDefFoundError: Could not initialize class org.codehaus.groovy.reflection.ReflectionCache
at org.codehaus.groovy.runtime.dgmimpl.NumberNumberMetaMethod.<clinit>(NumberNumberMetaMethod.java:33)
at org.codehaus.groovy.runtime.metaclass.MetaClassRegistryImpl.createMetaMethodFromClass(MetaClassRegistryImpl.java:258)
at org.codehaus.groovy.runtime.metaclass.MetaClassRegistryImpl.<init>(MetaClassRegistryImpl.java:111)
at org.codehaus.groovy.runtime.metaclass.MetaClassRegistryImpl.<init>(MetaClassRegistryImpl.java:86)
at groovy.lang.GroovySystem.<clinit>(GroovySystem.java:36)
at org.codehaus.groovy.runtime.InvokerHelper.<clinit>(InvokerHelper.java:86)
at org.codehaus.groovy.runtime.ScriptBytecodeAdapter.createMap(ScriptBytecodeAdapter.java:635)
at io.restassured.internal.ResponseParserRegistrar.<init>(ResponseParserRegistrar.groovy)
at io.restassured.RestAssured.<clinit>(RestAssured.java:346)
at com.qa.api.almosafer.tests.getAPI.getAlmosaferAPI(getAPI.java:14)
... Removed 30 stack frames]]>
    </failure>
  </testcase> <!-- getAlmosaferAPI -->
</testsuite> <!-- Test -->
