<?xml version="1.0" encoding="UTF-8"?>
<!-- Generated by org.testng.reporters.JUnitXMLReporter -->
<testsuite ignored="0" hostname="Sauravs-MacBook-Pro.local" failures="0" tests="5" name="Rest API regression Test" time="15.65" errors="0" timestamp="2023-05-18T01:30:44 IST">
  <testcase classname="com.qa.api.almosafer.tests.getAlmosferApiTest" name="getAlmosaferAPI1" time="1.907"/>
  <testcase classname="com.qa.api.almosafer.tests.getAlmosferApiTest" name="getAlmosaferAPI2" time="0.516"/>
  <testcase classname="com.qa.api.almosafer.tests.CreateAlmosferUserDetailsTest" name="postAlmosaferAPI4" time="2.771"/>
  <testcase classname="com.qa.api.almosafer.tests.getAlmosferApiTest" name="getAlmosaferAPI3" time="1.587"/>
  <testcase classname="com.qa.api.almosafer.tests.CreateAlmosferUserDetailsTest" name="postAlmosaferAPI5" time="12.841"/>
</testsuite> <!-- Rest API regression Test -->
