<?xml version="1.0" encoding="UTF-8"?>
<testng-results ignored="0" total="5" passed="4" failed="1" skipped="0">
  <reporter-output>
  </reporter-output>
  <suite started-at="2023-05-18T09:41:15 IST" name="Almosafer&#039;s Rest API - Test Suite" finished-at="2023-05-18T09:41:19 IST" duration-ms="4109">
    <groups>
    </groups>
    <test started-at="2023-05-18T09:41:15 IST" name="Almosafer&#039;s Rest API - Regression Test" finished-at="2023-05-18T09:41:19 IST" duration-ms="4109">
      <class name="com.qa.api.almosafer.tests.getAlmosferApiTest">
        <test-method signature="getAlmosaferHomePageAPI()[pri:1, instance:com.qa.api.almosafer.tests.getAlmosferApiTest@7daa0fbd]" started-at="2023-05-18T09:41:15 IST" name="getAlmosaferHomePageAPI" finished-at="2023-05-18T09:41:17 IST" duration-ms="2207" status="PASS">
          <reporter-output>
          </reporter-output>
        </test-method> <!-- getAlmosaferHomePageAPI -->
        <test-method signature="getAlmosaferFlightHotelChaletsPageAPI()[pri:2, instance:com.qa.api.almosafer.tests.getAlmosferApiTest@7daa0fbd]" started-at="2023-05-18T09:41:17 IST" name="getAlmosaferFlightHotelChaletsPageAPI" finished-at="2023-05-18T09:41:17 IST" duration-ms="485" status="PASS">
          <reporter-output>
          </reporter-output>
        </test-method> <!-- getAlmosaferFlightHotelChaletsPageAPI -->
        <test-method signature="getAlmosaferHotelChaletsPageAPI()[pri:3, instance:com.qa.api.almosafer.tests.getAlmosferApiTest@7daa0fbd]" started-at="2023-05-18T09:41:17 IST" name="getAlmosaferHotelChaletsPageAPI" finished-at="2023-05-18T09:41:19 IST" duration-ms="1366" status="PASS">
          <reporter-output>
          </reporter-output>
        </test-method> <!-- getAlmosaferHotelChaletsPageAPI -->
      </class> <!-- com.qa.api.almosafer.tests.getAlmosferApiTest -->
      <class name="com.qa.api.almosafer.tests.CreateAlmosferUserDetailsTest">
        <test-method signature="postAlmosaferAPI4()[pri:4, instance:com.qa.api.almosafer.tests.CreateAlmosferUserDetailsTest@39ac0c0a]" started-at="2023-05-18T09:41:15 IST" name="postAlmosaferAPI4" finished-at="2023-05-18T09:41:15 IST" duration-ms="18" status="FAIL">
          <exception class="java.lang.NumberFormatException">
            <message>
              <![CDATA[null]]>
            </message>
            <full-stacktrace>
              <![CDATA[java.lang.NumberFormatException: null
at java.base/java.lang.Integer.parseInt(Integer.java:614)
at java.base/java.lang.Integer.parseInt(Integer.java:770)
at com.qa.api.almosafer.tests.CreateAlmosferUserDetailsTest.postAlmosaferAPI4(CreateAlmosferUserDetailsTest.java:34)
at java.base/jdk.internal.reflect.NativeMethodAccessorImpl.invoke0(Native Method)
at java.base/jdk.internal.reflect.NativeMethodAccessorImpl.invoke(NativeMethodAccessorImpl.java:62)
at java.base/jdk.internal.reflect.DelegatingMethodAccessorImpl.invoke(DelegatingMethodAccessorImpl.java:43)
at java.base/java.lang.reflect.Method.invoke(Method.java:564)
at org.testng.internal.MethodInvocationHelper.invokeMethod(MethodInvocationHelper.java:133)
at org.testng.internal.TestInvoker.invokeMethod(TestInvoker.java:598)
at org.testng.internal.TestInvoker.invokeTestMethod(TestInvoker.java:173)
at org.testng.internal.MethodRunner.runInSequence(MethodRunner.java:46)
at org.testng.internal.TestInvoker$MethodInvocationAgent.invoke(TestInvoker.java:824)
at org.testng.internal.TestInvoker.invokeTestMethods(TestInvoker.java:146)
at org.testng.internal.TestMethodWorker.invokeTestMethods(TestMethodWorker.java:146)
at org.testng.internal.TestMethodWorker.run(TestMethodWorker.java:128)
at java.base/java.util.concurrent.ThreadPoolExecutor.runWorker(ThreadPoolExecutor.java:1130)
at java.base/java.util.concurrent.ThreadPoolExecutor$Worker.run(ThreadPoolExecutor.java:630)
at java.base/java.lang.Thread.run(Thread.java:832)
]]>
            </full-stacktrace>
          </exception> <!-- java.lang.NumberFormatException -->
          <reporter-output>
          </reporter-output>
        </test-method> <!-- postAlmosaferAPI4 -->
        <test-method signature="postAlmosaferAPI5()[pri:5, instance:com.qa.api.almosafer.tests.CreateAlmosferUserDetailsTest@39ac0c0a]" started-at="2023-05-18T09:41:15 IST" name="postAlmosaferAPI5" finished-at="2023-05-18T09:41:18 IST" duration-ms="2930" status="PASS">
          <reporter-output>
          </reporter-output>
        </test-method> <!-- postAlmosaferAPI5 -->
      </class> <!-- com.qa.api.almosafer.tests.CreateAlmosferUserDetailsTest -->
    </test> <!-- Almosafer's Rest API - Regression Test -->
  </suite> <!-- Almosafer's Rest API - Test Suite -->
</testng-results>
